2025-10-07 11:59:01 - M-Pesa Error: B2C Payment HTTP Error: Code 401
2025-10-09 07:54:37 - M-Pesa Error: B2C Payment HTTP Error: Code 401
2025-10-09 13:08:59 - M-Pesa Error: B2C Payment HTTP Error: Code 401
2025-10-13 19:46:43 - M-Pesa Error: B2C Payment HTTP Error: Code 401
2025-10-14 19:58:01 - M-Pesa Error: B2C Payment HTTP Error: Code 401
2025-10-15 13:32:12 - M-Pesa Error: B2C Payment HTTP Error: Code 401
2025-10-17 00:42:57 - M-Pesa Error: B2C Payment HTTP Error: Code 401, Response: {
                    "requestId":"0fcb-415c-a479-26ca25cab974475096",
                    "errorCode": "401.002.01",
                    "errorMessage": "Error Occurred - Invalid Access Token - "
                }
            
2025-11-04 00:31:16 - M-Pesa Error: CURL Error getting token: Connection timed out after 30000 milliseconds
2025-11-28 17:27:31 - M-Pesa Error: B2C Payment CURL Error: Connection timed out after 30000 milliseconds
2025-11-28 22:29:17 - M-Pesa Error: CURL Timeout getting token (Error #28): Operation timed out after 60001 milliseconds with 0 bytes received
2025-11-28 22:29:17 - M-Pesa Error: Retrying token request after 2 seconds...
2025-11-28 23:09:57 - M-Pesa Error: B2C Payment HTTP Error: Code 500, Response: {"fault":{"faultstring":"java.lang.RuntimeException: Datastore Error","detail":{"errorcode":"Internal Server Error"}}}
2025-11-29 19:21:32 - M-Pesa Error: B2C Payment HTTP Error: Code 503, Response: no healthy upstream
2025-11-29 20:06:12 - M-Pesa Error: B2C Payment CURL Error: Connection timed out after 30000 milliseconds
2025-11-29 20:07:10 - M-Pesa Error: B2C Payment HTTP Error: Code 500, Response: {"fault":{"faultstring":"Datastore Error","detail":{"errorcode":"Internal Server Error"}}}
2025-11-30 19:17:06 - M-Pesa Error: B2C Payment CURL Error: Operation timed out after 60001 milliseconds with 0 bytes received
2025-11-30 22:04:13 - M-Pesa Error: CURL Timeout getting token (Error #28): Connection timed out after 30000 milliseconds
2025-11-30 22:04:13 - M-Pesa Error: Retrying token request after 2 seconds...
2025-11-30 22:50:54 - M-Pesa Error: CURL Timeout getting token (Error #28): Connection timed out after 30000 milliseconds
2025-11-30 22:50:54 - M-Pesa Error: Retrying token request after 2 seconds...
2025-11-30 22:51:04 - M-Pesa Error: CURL Timeout getting token (Error #28): Connection timed out after 30001 milliseconds
2025-11-30 22:51:04 - M-Pesa Error: Retrying token request after 2 seconds...
2025-11-30 22:51:26 - M-Pesa Error: CURL Timeout getting token (Error #28): Connection timed out after 30000 milliseconds
2025-11-30 22:51:36 - M-Pesa Error: CURL Timeout getting token (Error #28): Connection timed out after 30001 milliseconds
2025-11-30 22:52:38 - M-Pesa Error: CURL Timeout getting token (Error #28): Connection timed out after 30000 milliseconds
2025-11-30 22:52:38 - M-Pesa Error: Retrying token request after 2 seconds...
2025-11-30 23:01:05 - M-Pesa Error: CURL Timeout getting token (Error #28): Connection timed out after 30001 milliseconds
2025-11-30 23:01:05 - M-Pesa Error: Retrying token request after 2 seconds...
2025-11-30 23:01:37 - M-Pesa Error: CURL Timeout getting token (Error #28): Connection timed out after 30001 milliseconds
2025-11-30 23:02:36 - M-Pesa Error: CURL Timeout getting token (Error #28): Connection timed out after 30000 milliseconds
2025-11-30 23:02:36 - M-Pesa Error: Retrying token request after 2 seconds...
2025-11-30 23:03:08 - M-Pesa Error: CURL Timeout getting token (Error #28): Connection timed out after 30001 milliseconds
2025-12-01 00:21:12 - M-Pesa Error: CURL Timeout getting token (Error #28): Connection timed out after 30000 milliseconds
2025-12-01 00:21:12 - M-Pesa Error: Retrying token request after 2 seconds...
2025-12-01 00:21:42 - M-Pesa Error: CURL Timeout getting token (Error #28): Connection timed out after 30001 milliseconds
2025-12-01 00:21:42 - M-Pesa Error: Retrying token request after 2 seconds...
2025-12-01 00:21:44 - M-Pesa Error: CURL Timeout getting token (Error #28): Connection timed out after 30001 milliseconds
2025-12-01 06:22:05 - M-Pesa Error: B2C Payment CURL Error: Connection timed out after 30000 milliseconds
2025-12-01 16:02:28 - M-Pesa Error: B2C Payment CURL Error: Connection timed out after 30001 milliseconds
2025-12-03 07:40:34 - M-Pesa Error: CURL Timeout getting token (Error #28): Connection timed out after 30000 milliseconds
2025-12-03 07:40:34 - M-Pesa Error: Retrying token request after 2 seconds...
2025-12-03 07:41:58 - M-Pesa Error: B2C Payment CURL Error: Connection timed out after 30000 milliseconds
2025-12-03 23:25:17 - M-Pesa Error: CURL Timeout getting token (Error #28): Connection timed out after 30000 milliseconds
2025-12-03 23:25:17 - M-Pesa Error: Retrying token request after 2 seconds...
2025-12-03 23:27:06 - M-Pesa Error: CURL Timeout getting token (Error #28): Connection timed out after 30001 milliseconds
2025-12-03 23:27:06 - M-Pesa Error: Retrying token request after 2 seconds...
2025-12-04 17:00:33 - M-Pesa Error: B2C Payment HTTP Error: Code 503, Response: no healthy upstream
2025-12-05 01:34:05 - M-Pesa Error: B2C Payment CURL Error: Connection timed out after 30000 milliseconds
2025-12-05 03:06:43 - M-Pesa Error: B2C Payment CURL Error: Connection timed out after 30000 milliseconds
2025-12-05 04:27:10 - M-Pesa Error: B2C Payment CURL Error: Connection timed out after 30001 milliseconds
2025-12-05 05:16:43 - M-Pesa Error: B2C Payment CURL Error: Connection timed out after 30000 milliseconds
2025-12-05 06:19:05 - M-Pesa Error: CURL Timeout getting token (Error #28): Connection timed out after 30000 milliseconds
2025-12-05 06:19:05 - M-Pesa Error: Retrying token request after 2 seconds...
2025-12-05 06:33:29 - M-Pesa Error: B2C Payment CURL Error: Connection timed out after 30001 milliseconds
2025-12-05 06:35:04 - M-Pesa Error: CURL Timeout getting token (Error #28): Connection timed out after 30001 milliseconds
2025-12-05 06:35:04 - M-Pesa Error: Retrying token request after 2 seconds...
2025-12-05 06:36:28 - M-Pesa Error: CURL Timeout getting token (Error #28): Connection timed out after 30001 milliseconds
2025-12-05 06:36:28 - M-Pesa Error: Retrying token request after 2 seconds...
2025-12-05 06:50:24 - M-Pesa Error: B2C Payment CURL Error: Connection timed out after 30000 milliseconds
2025-12-05 06:55:00 - M-Pesa Error: CURL Timeout getting token (Error #28): Connection timed out after 30000 milliseconds
2025-12-05 06:55:00 - M-Pesa Error: Retrying token request after 2 seconds...
2025-12-05 07:09:17 - M-Pesa Error: STK Push CURL Timeout (Error #28): Connection timed out after 30000 milliseconds - Phone: 254718502867, Amount: 800
2025-12-05 07:09:17 - M-Pesa Error: Retrying STK Push after 2 seconds...
2025-12-05 07:31:24 - M-Pesa Error: B2C Payment CURL Error: Connection timed out after 30000 milliseconds
2025-12-05 07:39:14 - M-Pesa Error: B2C Payment CURL Error: Connection timed out after 30000 milliseconds
2025-12-05 07:42:53 - M-Pesa Error: CURL Timeout getting token (Error #28): Connection timed out after 30001 milliseconds
2025-12-05 07:42:53 - M-Pesa Error: Retrying token request after 2 seconds...
2025-12-05 07:50:33 - M-Pesa Error: B2C Payment CURL Error: Connection timed out after 30001 milliseconds
2025-12-05 07:51:29 - M-Pesa Error: CURL Timeout getting token (Error #28): Connection timed out after 30001 milliseconds
2025-12-05 07:51:29 - M-Pesa Error: Retrying token request after 2 seconds...
2025-12-05 07:52:50 - M-Pesa Error: B2C Payment CURL Error: Connection timed out after 30001 milliseconds
2025-12-05 07:59:10 - M-Pesa Error: B2C Payment CURL Error: Connection timed out after 30001 milliseconds
2025-12-05 07:59:58 - M-Pesa Error: CURL Timeout getting token (Error #28): Connection timed out after 30000 milliseconds
2025-12-05 07:59:58 - M-Pesa Error: Retrying token request after 2 seconds...
2025-12-05 08:02:37 - M-Pesa Error: CURL Timeout getting token (Error #28): Connection timed out after 30000 milliseconds
2025-12-05 08:02:37 - M-Pesa Error: Retrying token request after 2 seconds...
2025-12-05 08:04:51 - M-Pesa Error: CURL Timeout getting token (Error #28): Connection timed out after 30000 milliseconds
2025-12-05 08:04:51 - M-Pesa Error: Retrying token request after 2 seconds...
2025-12-05 08:27:30 - M-Pesa Error: B2C Payment CURL Error: Connection timed out after 30000 milliseconds
2025-12-05 09:14:10 - M-Pesa Error: CURL Timeout getting token (Error #28): Connection timed out after 30000 milliseconds
2025-12-05 09:14:10 - M-Pesa Error: Retrying token request after 2 seconds...
2025-12-05 09:14:46 - M-Pesa Error: B2C Payment CURL Error: Connection timed out after 30000 milliseconds
2025-12-05 09:25:46 - M-Pesa Error: B2C Payment CURL Error: Connection timed out after 30001 milliseconds
2025-12-05 09:43:21 - M-Pesa Error: CURL Timeout getting token (Error #28): Connection timed out after 30000 milliseconds
2025-12-05 09:43:21 - M-Pesa Error: Retrying token request after 2 seconds...
2025-12-05 09:48:49 - M-Pesa Error: B2C Payment CURL Error: Connection timed out after 30001 milliseconds
2025-12-05 09:51:01 - M-Pesa Error: CURL Timeout getting token (Error #28): Connection timed out after 30001 milliseconds
2025-12-05 09:51:01 - M-Pesa Error: Retrying token request after 2 seconds...
2025-12-05 09:58:07 - M-Pesa Error: B2C Payment CURL Error: Connection timed out after 30000 milliseconds
2025-12-05 09:58:07 - M-Pesa Error: B2C Payment CURL Error: Connection timed out after 30000 milliseconds
2025-12-05 09:58:53 - M-Pesa Error: CURL Timeout getting token (Error #28): Connection timed out after 30001 milliseconds
2025-12-05 09:58:53 - M-Pesa Error: Retrying token request after 2 seconds...
2025-12-05 09:59:26 - M-Pesa Error: B2C Payment CURL Error: Connection timed out after 30001 milliseconds
2025-12-05 10:20:28 - M-Pesa Error: CURL Timeout getting token (Error #28): Connection timed out after 30000 milliseconds
2025-12-05 10:20:28 - M-Pesa Error: Retrying token request after 2 seconds...
2025-12-05 10:21:00 - M-Pesa Error: CURL Timeout getting token (Error #28): Connection timed out after 30001 milliseconds
2025-12-05 10:30:29 - M-Pesa Error: B2C Payment CURL Error: Connection timed out after 30001 milliseconds
2025-12-05 10:39:54 - M-Pesa Error: CURL Timeout getting token (Error #28): Connection timed out after 30001 milliseconds
2025-12-05 10:39:54 - M-Pesa Error: Retrying token request after 2 seconds...
2025-12-05 11:15:39 - M-Pesa Error: CURL Timeout getting token (Error #28): Connection timed out after 30001 milliseconds
2025-12-05 11:15:39 - M-Pesa Error: Retrying token request after 2 seconds...
2025-12-05 11:51:05 - M-Pesa Error: CURL Timeout getting token (Error #28): Connection timed out after 30001 milliseconds
2025-12-05 11:51:05 - M-Pesa Error: Retrying token request after 2 seconds...
2025-12-05 12:08:50 - M-Pesa Error: CURL Timeout getting token (Error #28): Connection timed out after 30000 milliseconds
2025-12-05 12:08:50 - M-Pesa Error: Retrying token request after 2 seconds...
2025-12-05 12:34:29 - M-Pesa Error: CURL Timeout getting token (Error #28): Connection timed out after 30001 milliseconds
2025-12-05 12:34:29 - M-Pesa Error: Retrying token request after 2 seconds...
2025-12-05 12:52:57 - M-Pesa Error: B2C Payment CURL Error: Connection timed out after 30001 milliseconds
2025-12-05 13:03:07 - M-Pesa Error: CURL Timeout getting token (Error #28): Connection timed out after 30000 milliseconds
2025-12-05 13:03:07 - M-Pesa Error: Retrying token request after 2 seconds...
2025-12-05 13:19:06 - M-Pesa Error: B2C Payment CURL Error: Connection timed out after 30001 milliseconds
2025-12-05 13:35:38 - M-Pesa Error: B2C Payment CURL Error: Connection timed out after 30000 milliseconds
2025-12-05 13:45:15 - M-Pesa Error: B2C Payment CURL Error: Connection timed out after 30001 milliseconds
2025-12-05 13:51:38 - M-Pesa Error: CURL Timeout getting token (Error #28): Connection timed out after 30000 milliseconds
2025-12-05 13:51:38 - M-Pesa Error: Retrying token request after 2 seconds...
2025-12-05 13:53:07 - M-Pesa Error: B2C Payment CURL Error: Connection timed out after 30001 milliseconds
2025-12-05 14:18:36 - M-Pesa Error: B2C Payment CURL Error: Connection timed out after 30001 milliseconds
2025-12-05 14:26:49 - M-Pesa Error: B2C Payment CURL Error: Connection timed out after 30001 milliseconds
2025-12-05 14:33:33 - M-Pesa Error: B2C Payment CURL Error: Connection timed out after 30000 milliseconds
2025-12-05 14:34:40 - M-Pesa Error: CURL Timeout getting token (Error #28): Connection timed out after 30001 milliseconds
2025-12-05 14:34:40 - M-Pesa Error: Retrying token request after 2 seconds...
2025-12-05 14:56:35 - M-Pesa Error: CURL Timeout getting token (Error #28): Connection timed out after 30001 milliseconds
2025-12-05 14:56:35 - M-Pesa Error: Retrying token request after 2 seconds...
2025-12-05 15:04:58 - M-Pesa Error: CURL Timeout getting token (Error #28): Connection timed out after 30000 milliseconds
2025-12-05 15:04:58 - M-Pesa Error: Retrying token request after 2 seconds...
2025-12-05 15:11:01 - M-Pesa Error: CURL Timeout getting token (Error #28): Connection timed out after 30001 milliseconds
2025-12-05 15:11:01 - M-Pesa Error: Retrying token request after 2 seconds...
2025-12-05 15:14:55 - M-Pesa Error: CURL Timeout getting token (Error #28): Connection timed out after 30000 milliseconds
2025-12-05 15:14:55 - M-Pesa Error: Retrying token request after 2 seconds...
2025-12-05 15:24:04 - M-Pesa Error: CURL Timeout getting token (Error #28): Connection timed out after 30000 milliseconds
2025-12-05 15:24:04 - M-Pesa Error: Retrying token request after 2 seconds...
2025-12-05 15:24:37 - M-Pesa Error: B2C Payment CURL Error: Connection timed out after 30002 milliseconds
2025-12-05 15:50:20 - M-Pesa Error: CURL Timeout getting token (Error #28): Connection timed out after 30000 milliseconds
2025-12-05 15:50:20 - M-Pesa Error: Retrying token request after 2 seconds...
2025-12-05 15:51:27 - M-Pesa Error: CURL Timeout getting token (Error #28): Connection timed out after 30000 milliseconds
2025-12-05 15:51:27 - M-Pesa Error: Retrying token request after 2 seconds...
2025-12-05 16:02:54 - M-Pesa Error: CURL Timeout getting token (Error #28): Connection timed out after 30000 milliseconds
2025-12-05 16:02:54 - M-Pesa Error: Retrying token request after 2 seconds...
2025-12-05 16:28:52 - M-Pesa Error: B2C Payment CURL Error: Connection timed out after 30000 milliseconds
2025-12-05 16:31:17 - M-Pesa Error: CURL Timeout getting token (Error #28): Connection timed out after 30000 milliseconds
2025-12-05 16:31:17 - M-Pesa Error: Retrying token request after 2 seconds...
2025-12-05 16:40:41 - M-Pesa Error: B2C Payment CURL Error: Connection timed out after 30000 milliseconds
2025-12-05 17:10:50 - M-Pesa Error: B2C Payment CURL Error: Connection timed out after 30001 milliseconds
2025-12-05 17:14:25 - M-Pesa Error: CURL Timeout getting token (Error #28): Connection timed out after 30000 milliseconds
2025-12-05 17:14:25 - M-Pesa Error: Retrying token request after 2 seconds...
2025-12-05 18:16:42 - M-Pesa Error: B2C Payment CURL Error: Connection timed out after 30001 milliseconds
2025-12-05 18:41:39 - M-Pesa Error: CURL Timeout getting token (Error #28): Connection timed out after 30000 milliseconds
2025-12-05 18:41:39 - M-Pesa Error: Retrying token request after 2 seconds...
2025-12-05 19:21:50 - M-Pesa Error: CURL Error getting token (Error #6): Could not resolve host: api.safaricom.co.ke
2025-12-05 19:22:05 - M-Pesa Error: CURL Error getting token (Error #6): Could not resolve host: api.safaricom.co.ke
2025-12-05 19:22:19 - M-Pesa Error: CURL Error getting token (Error #6): Could not resolve host: api.safaricom.co.ke
2025-12-05 19:22:35 - M-Pesa Error: CURL Error getting token (Error #6): Could not resolve host: api.safaricom.co.ke
2025-12-05 20:07:35 - M-Pesa Error: B2C Payment CURL Error: Connection timed out after 30001 milliseconds
2025-12-05 21:21:14 - M-Pesa Error: CURL Timeout getting token (Error #28): Connection timed out after 30001 milliseconds
2025-12-05 21:21:14 - M-Pesa Error: Retrying token request after 2 seconds...
2025-12-05 23:24:27 - M-Pesa Error: B2C Payment CURL Error: Connection timed out after 30000 milliseconds
2025-12-05 23:24:57 - M-Pesa Error: CURL Timeout getting token (Error #28): Connection timed out after 30001 milliseconds
2025-12-05 23:24:57 - M-Pesa Error: Retrying token request after 2 seconds...
2025-12-05 23:47:25 - M-Pesa Error: CURL Timeout getting token (Error #28): Connection timed out after 30000 milliseconds
2025-12-05 23:47:25 - M-Pesa Error: Retrying token request after 2 seconds...
2025-12-05 23:57:51 - M-Pesa Error: CURL Timeout getting token (Error #28): Operation timed out after 30001 milliseconds with 0 out of 0 bytes received
2025-12-05 23:57:51 - M-Pesa Error: Retrying token request after 2 seconds...
2025-12-06 15:41:00 - M-Pesa Error: CURL Timeout getting token (Error #28): Operation timed out after 30001 milliseconds with 0 out of 0 bytes received
2025-12-06 15:41:00 - M-Pesa Error: Retrying token request after 2 seconds...
2025-12-08 06:06:12 - M-Pesa Error: CURL Timeout getting token (Error #28): Connection timed out after 30000 milliseconds
2025-12-08 06:06:12 - M-Pesa Error: Retrying token request after 2 seconds...
2025-12-08 06:06:44 - M-Pesa Error: CURL Timeout getting token (Error #28): Connection timed out after 30000 milliseconds
2025-12-08 09:31:33 - M-Pesa Error: CURL Timeout getting token (Error #28): Connection timed out after 30000 milliseconds
2025-12-08 09:31:33 - M-Pesa Error: Retrying token request after 2 seconds...
2025-12-08 10:43:24 - M-Pesa Error: CURL Timeout getting token (Error #28): Connection timed out after 30000 milliseconds
2025-12-08 10:43:24 - M-Pesa Error: Retrying token request after 2 seconds...
2025-12-08 10:51:39 - M-Pesa Error: CURL Timeout getting token (Error #28): Connection timed out after 30000 milliseconds
2025-12-08 10:51:39 - M-Pesa Error: Retrying token request after 2 seconds...
2025-12-08 10:51:39 - M-Pesa Error: B2C Payment CURL Error: Connection timed out after 30000 milliseconds
2025-12-09 10:38:04 - M-Pesa Error: CURL Timeout getting token (Error #28): Connection timed out after 30000 milliseconds
2025-12-09 10:38:04 - M-Pesa Error: Retrying token request after 2 seconds...
2025-12-09 16:45:22 - M-Pesa Error: CURL Error getting token (Error #52): Empty reply from server
2025-12-12 08:13:28 - M-Pesa Error: B2C Payment HTTP Error: Code 503, Response: no healthy upstream
2025-12-12 18:10:23 - M-Pesa Error: STK Push HTTP Error: Code 500, Response: {
                    "requestId":"d1a4-4abe-a1fe-899a9018a911584443",
                    "errorCode": "500.001.1001",
                    "errorMessage": ""
                }
            
2025-12-15 22:40:47 - M-Pesa Error: B2C Payment CURL Error: Connection timed out after 30000 milliseconds
2025-12-23 11:49:16 - M-Pesa Error: Failed to get access token. HTTP Code: 400, Response: 
2025-12-23 11:59:42 - M-Pesa Error: B2C Payment HTTP Error: Code 500, Response: {"fault":{"faultstring":"java.lang.RuntimeException: Datastore Error","detail":{"errorcode":"Internal Server Error"}}}
2025-12-23 13:14:58 - M-Pesa Error: B2C Payment HTTP Error: Code 500, Response: {"fault":{"faultstring":"Datastore Error","detail":{"errorcode":"Internal Server Error"}}}
2025-12-23 13:16:18 - M-Pesa Error: Failed to get access token. HTTP Code: 400, Response: 
2025-12-23 13:40:03 - M-Pesa Error: Failed to get access token. HTTP Code: 400, Response: 
2025-12-23 14:14:22 - M-Pesa Error: CURL Timeout getting token (Error #28): Operation timed out after 60001 milliseconds with 0 bytes received
2025-12-23 14:14:22 - M-Pesa Error: Retrying token request after 2 seconds...
2025-12-23 14:20:58 - M-Pesa Error: Failed to get access token. HTTP Code: 400, Response: 
2025-12-23 14:22:41 - M-Pesa Error: CURL Timeout getting token (Error #28): Operation timed out after 60001 milliseconds with 0 bytes received
2025-12-23 14:22:41 - M-Pesa Error: Retrying token request after 2 seconds...
2025-12-23 14:23:43 - M-Pesa Error: CURL Timeout getting token (Error #28): Operation timed out after 60001 milliseconds with 0 bytes received
2025-12-23 14:26:35 - M-Pesa Error: B2C Payment HTTP Error: Code 500, Response: {"fault":{"faultstring":"java.lang.RuntimeException: Datastore Error","detail":{"errorcode":"Internal Server Error"}}}
2025-12-23 15:21:35 - M-Pesa Error: Failed to get access token. HTTP Code: 400, Response: 
2025-12-26 22:39:26 - M-Pesa Error: CURL Timeout getting token (Error #28): Connection timed out after 30000 milliseconds
2025-12-26 22:39:26 - M-Pesa Error: Retrying token request after 2 seconds...
2025-12-26 22:39:58 - M-Pesa Error: CURL Timeout getting token (Error #28): Connection timed out after 30001 milliseconds
2025-12-26 22:40:51 - M-Pesa Error: CURL Timeout getting token (Error #28): Connection timed out after 30000 milliseconds
2025-12-26 22:40:51 - M-Pesa Error: Retrying token request after 2 seconds...
2025-12-26 22:41:23 - M-Pesa Error: CURL Timeout getting token (Error #28): Connection timed out after 30000 milliseconds
2025-12-26 22:42:24 - M-Pesa Error: CURL Timeout getting token (Error #28): Connection timed out after 30000 milliseconds
2025-12-26 22:42:24 - M-Pesa Error: Retrying token request after 2 seconds...
2025-12-26 22:42:56 - M-Pesa Error: CURL Timeout getting token (Error #28): Connection timed out after 30001 milliseconds
2025-12-31 09:34:18 - M-Pesa Error: CURL Timeout getting token (Error #28): Connection timed out after 30001 milliseconds
2025-12-31 09:34:18 - M-Pesa Error: Retrying token request after 2 seconds...
2026-01-03 00:36:18 - M-Pesa Error: B2C Payment CURL Error: Connection timed out after 30000 milliseconds
2026-01-03 09:17:01 - M-Pesa Error: CURL Timeout getting token (Error #28): Operation timed out after 30000 milliseconds with 0 out of 0 bytes received
2026-01-03 09:17:01 - M-Pesa Error: Retrying token request after 2 seconds...
2026-01-03 09:17:33 - M-Pesa Error: CURL Timeout getting token (Error #28): Operation timed out after 30000 milliseconds with 0 out of 0 bytes received
2026-01-03 09:19:49 - M-Pesa Error: CURL Timeout getting token (Error #28): Connection timed out after 30000 milliseconds
2026-01-03 09:19:49 - M-Pesa Error: Retrying token request after 2 seconds...
2026-01-03 09:20:21 - M-Pesa Error: CURL Timeout getting token (Error #28): Operation timed out after 30000 milliseconds with 0 out of 0 bytes received
2026-01-03 11:51:23 - M-Pesa Error: B2C Payment CURL Error: Operation timed out after 30001 milliseconds with 0 out of 0 bytes received
2026-01-03 12:18:38 - M-Pesa Error: B2C Payment CURL Error: Connection timed out after 30001 milliseconds
2026-01-03 12:30:26 - M-Pesa Error: B2C Payment CURL Error: Operation timed out after 30000 milliseconds with 0 out of 0 bytes received
2026-01-03 12:33:50 - M-Pesa Error: B2C Payment CURL Error: Connection timed out after 30000 milliseconds
2026-01-03 13:04:28 - M-Pesa Error: CURL Timeout getting token (Error #28): Operation timed out after 30000 milliseconds with 0 out of 0 bytes received
2026-01-03 13:04:28 - M-Pesa Error: Retrying token request after 2 seconds...
2026-01-03 13:05:58 - M-Pesa Error: B2C Payment CURL Error: Connection timed out after 30001 milliseconds
2026-01-03 15:26:05 - M-Pesa Error: CURL Timeout getting token (Error #28): Operation timed out after 30000 milliseconds with 0 out of 0 bytes received
2026-01-03 15:26:05 - M-Pesa Error: Retrying token request after 2 seconds...
2026-01-03 15:26:37 - M-Pesa Error: CURL Timeout getting token (Error #28): Operation timed out after 30000 milliseconds with 0 out of 0 bytes received
2026-01-03 15:37:14 - M-Pesa Error: B2C Payment CURL Error: Operation timed out after 30000 milliseconds with 0 out of 0 bytes received
2026-01-03 16:26:44 - M-Pesa Error: B2C Payment CURL Error: Connection timed out after 30001 milliseconds
2026-01-03 16:27:41 - M-Pesa Error: CURL Timeout getting token (Error #28): Operation timed out after 30001 milliseconds with 0 out of 0 bytes received
2026-01-03 16:27:41 - M-Pesa Error: Retrying token request after 2 seconds...
2026-01-03 16:28:13 - M-Pesa Error: CURL Timeout getting token (Error #28): Operation timed out after 30001 milliseconds with 0 out of 0 bytes received
2026-01-03 16:33:11 - M-Pesa Error: B2C Payment CURL Error: Operation timed out after 30001 milliseconds with 0 out of 0 bytes received
2026-01-03 16:35:38 - M-Pesa Error: B2C Payment CURL Error: Operation timed out after 30000 milliseconds with 0 out of 0 bytes received
2026-01-03 16:37:52 - M-Pesa Error: B2C Payment CURL Error: Operation timed out after 30000 milliseconds with 0 out of 0 bytes received
2026-01-03 16:39:53 - M-Pesa Error: B2C Payment CURL Error: Operation timed out after 30000 milliseconds with 0 out of 0 bytes received
2026-01-03 16:40:53 - M-Pesa Error: CURL Timeout getting token (Error #28): Operation timed out after 30000 milliseconds with 0 out of 0 bytes received
2026-01-03 16:40:53 - M-Pesa Error: Retrying token request after 2 seconds...
2026-01-03 17:37:37 - M-Pesa Error: CURL Timeout getting token (Error #28): Operation timed out after 30000 milliseconds with 0 out of 0 bytes received
2026-01-03 17:37:37 - M-Pesa Error: Retrying token request after 2 seconds...
2026-01-03 17:38:09 - M-Pesa Error: CURL Timeout getting token (Error #28): Connection timed out after 30000 milliseconds
2026-01-03 18:30:45 - M-Pesa Error: CURL Timeout getting token (Error #28): Operation timed out after 30000 milliseconds with 0 out of 0 bytes received
2026-01-03 18:30:45 - M-Pesa Error: Retrying token request after 2 seconds...
2026-01-03 20:10:03 - M-Pesa Error: CURL Timeout getting token (Error #28): Connection timed out after 30000 milliseconds
2026-01-03 20:10:03 - M-Pesa Error: Retrying token request after 2 seconds...
2026-01-03 20:10:35 - M-Pesa Error: CURL Timeout getting token (Error #28): Connection timed out after 30001 milliseconds
2026-01-03 22:21:33 - M-Pesa Error: CURL Timeout getting token (Error #28): Operation timed out after 30000 milliseconds with 0 out of 0 bytes received
2026-01-03 22:21:33 - M-Pesa Error: Retrying token request after 2 seconds...
2026-01-03 22:22:05 - M-Pesa Error: CURL Timeout getting token (Error #28): Connection timed out after 30001 milliseconds
2026-01-03 22:54:53 - M-Pesa Error: B2C Payment CURL Error: Operation timed out after 60001 milliseconds with 0 bytes received
2026-01-03 23:19:11 - M-Pesa Error: B2C Payment CURL Error: Operation timed out after 30000 milliseconds with 0 out of 0 bytes received
2026-01-03 23:20:58 - M-Pesa Error: CURL Timeout getting token (Error #28): Operation timed out after 30000 milliseconds with 0 out of 0 bytes received
2026-01-03 23:20:58 - M-Pesa Error: Retrying token request after 2 seconds...
2026-01-03 23:24:00 - M-Pesa Error: B2C Payment CURL Error: Operation timed out after 30000 milliseconds with 0 out of 0 bytes received
2026-01-03 23:25:29 - M-Pesa Error: CURL Timeout getting token (Error #28): Operation timed out after 60001 milliseconds with 0 bytes received
2026-01-03 23:25:29 - M-Pesa Error: Retrying token request after 2 seconds...
2026-01-03 23:26:03 - M-Pesa Error: B2C Payment CURL Error: Connection timed out after 30000 milliseconds
2026-01-03 23:27:05 - M-Pesa Error: CURL Timeout getting token (Error #28): Connection timed out after 30000 milliseconds
2026-01-03 23:27:05 - M-Pesa Error: Retrying token request after 2 seconds...
2026-01-03 23:27:38 - M-Pesa Error: B2C Payment CURL Error: Connection timed out after 30000 milliseconds
2026-01-03 23:30:14 - M-Pesa Error: CURL Timeout getting token (Error #28): Connection timed out after 30001 milliseconds
2026-01-03 23:30:14 - M-Pesa Error: Retrying token request after 2 seconds...
2026-01-03 23:30:46 - M-Pesa Error: CURL Timeout getting token (Error #28): Operation timed out after 30000 milliseconds with 0 out of 0 bytes received
2026-01-03 23:33:14 - M-Pesa Error: CURL Timeout getting token (Error #28): Operation timed out after 60001 milliseconds with 0 bytes received
2026-01-03 23:33:14 - M-Pesa Error: Retrying token request after 2 seconds...
2026-01-03 23:35:18 - M-Pesa Error: B2C Payment CURL Error: Operation timed out after 30001 milliseconds with 0 out of 0 bytes received
2026-01-03 23:51:46 - M-Pesa Error: CURL Timeout getting token (Error #28): Operation timed out after 60001 milliseconds with 0 bytes received
2026-01-03 23:51:46 - M-Pesa Error: Retrying token request after 2 seconds...
2026-01-03 23:52:18 - M-Pesa Error: CURL Timeout getting token (Error #28): Operation timed out after 30000 milliseconds with 0 out of 0 bytes received
2026-01-04 01:29:34 - M-Pesa Error: B2C Payment CURL Error: Connection timed out after 30000 milliseconds
2026-01-04 01:31:25 - M-Pesa Error: CURL Timeout getting token (Error #28): Operation timed out after 30000 milliseconds with 0 out of 0 bytes received
2026-01-04 01:31:25 - M-Pesa Error: Retrying token request after 2 seconds...
2026-01-04 01:31:57 - M-Pesa Error: CURL Timeout getting token (Error #28): Operation timed out after 30000 milliseconds with 0 out of 0 bytes received
2026-01-04 01:33:11 - M-Pesa Error: CURL Timeout getting token (Error #28): Connection timed out after 30000 milliseconds
2026-01-04 01:33:11 - M-Pesa Error: Retrying token request after 2 seconds...
2026-01-04 01:33:43 - M-Pesa Error: CURL Timeout getting token (Error #28): Connection timed out after 30001 milliseconds
2026-01-04 01:48:05 - M-Pesa Error: B2C Payment CURL Error: Operation timed out after 30000 milliseconds with 0 out of 0 bytes received
2026-01-04 20:39:04 - M-Pesa Error: B2C Payment CURL Error: Connection timed out after 30000 milliseconds
2026-01-04 21:31:45 - M-Pesa Error: CURL Timeout getting token (Error #28): Connection timed out after 30001 milliseconds
2026-01-04 21:31:45 - M-Pesa Error: Retrying token request after 2 seconds...
2026-01-04 22:00:10 - M-Pesa Error: CURL Timeout getting token (Error #28): Connection timed out after 30000 milliseconds
2026-01-04 22:00:10 - M-Pesa Error: Retrying token request after 2 seconds...
2026-01-04 22:40:05 - M-Pesa Error: CURL Timeout getting token (Error #28): Operation timed out after 30000 milliseconds with 0 out of 0 bytes received
2026-01-04 22:40:05 - M-Pesa Error: Retrying token request after 2 seconds...
2026-01-04 22:40:39 - M-Pesa Error: B2C Payment CURL Error: Operation timed out after 30000 milliseconds with 0 out of 0 bytes received
2026-01-05 04:02:15 - M-Pesa Error: B2C Payment CURL Error: Operation timed out after 30000 milliseconds with 0 out of 0 bytes received
2026-01-05 04:03:41 - M-Pesa Error: B2C Payment CURL Error: Operation timed out after 30000 milliseconds with 0 out of 0 bytes received
2026-01-05 04:23:59 - M-Pesa Error: B2C Payment CURL Error: Operation timed out after 30000 milliseconds with 0 out of 0 bytes received
2026-01-05 04:45:59 - M-Pesa Error: B2C Payment CURL Error: Operation timed out after 30001 milliseconds with 0 out of 0 bytes received
2026-01-05 08:12:23 - M-Pesa Error: CURL Timeout getting token (Error #28): Operation timed out after 30000 milliseconds with 0 out of 0 bytes received
2026-01-05 08:12:23 - M-Pesa Error: Retrying token request after 2 seconds...
2026-01-05 08:35:34 - M-Pesa Error: CURL Timeout getting token (Error #28): Operation timed out after 30000 milliseconds with 0 out of 0 bytes received
2026-01-05 08:35:34 - M-Pesa Error: Retrying token request after 2 seconds...
2026-01-05 08:50:34 - M-Pesa Error: B2C Payment CURL Error: Operation timed out after 30001 milliseconds with 0 out of 0 bytes received
2026-01-05 09:01:59 - M-Pesa Error: CURL Timeout getting token (Error #28): Connection timed out after 30001 milliseconds
2026-01-05 09:01:59 - M-Pesa Error: Retrying token request after 2 seconds...
2026-01-05 09:07:04 - M-Pesa Error: B2C Payment CURL Error: Connection timed out after 30001 milliseconds
2026-01-05 10:10:04 - M-Pesa Error: B2C Payment CURL Error: Connection timed out after 30001 milliseconds
2026-01-05 10:37:02 - M-Pesa Error: CURL Timeout getting token (Error #28): Connection timed out after 30001 milliseconds
2026-01-05 10:37:02 - M-Pesa Error: Retrying token request after 2 seconds...
2026-01-05 11:04:54 - M-Pesa Error: B2C Payment CURL Error: Operation timed out after 30000 milliseconds with 0 out of 0 bytes received
2026-01-05 11:10:44 - M-Pesa Error: CURL Timeout getting token (Error #28): Operation timed out after 30000 milliseconds with 0 out of 0 bytes received
2026-01-05 11:10:44 - M-Pesa Error: Retrying token request after 2 seconds...
2026-01-05 12:11:14 - M-Pesa Error: CURL Timeout getting token (Error #28): Operation timed out after 30000 milliseconds with 0 out of 0 bytes received
2026-01-05 12:11:14 - M-Pesa Error: Retrying token request after 2 seconds...
2026-01-05 12:12:06 - M-Pesa Error: B2C Payment CURL Error: Operation timed out after 30000 milliseconds with 0 out of 0 bytes received
2026-01-05 20:49:36 - M-Pesa Error: B2C Payment CURL Error: Connection timed out after 30000 milliseconds
2026-01-06 10:49:36 - M-Pesa Error: B2C Payment CURL Error: Operation timed out after 30000 milliseconds with 0 out of 0 bytes received
2026-01-06 10:50:23 - M-Pesa Error: B2C Payment CURL Error: Operation timed out after 30000 milliseconds with 0 out of 0 bytes received
2026-01-06 11:00:30 - M-Pesa Error: CURL Timeout getting token (Error #28): Operation timed out after 30001 milliseconds with 0 out of 0 bytes received
2026-01-06 11:00:30 - M-Pesa Error: Retrying token request after 2 seconds...
2026-01-14 23:54:27 - M-Pesa Error: CURL Timeout getting token (Error #28): Connection timed out after 30000 milliseconds
2026-01-14 23:54:27 - M-Pesa Error: Retrying token request after 2 seconds...
2026-01-14 23:54:59 - M-Pesa Error: CURL Timeout getting token (Error #28): Connection timed out after 30000 milliseconds
2026-01-17 07:01:05 - M-Pesa Error: CURL Timeout getting token (Error #28): Connection timed out after 30000 milliseconds
2026-01-17 07:01:05 - M-Pesa Error: Retrying token request after 2 seconds...
2026-01-17 07:01:11 - M-Pesa Error: B2C Payment CURL Error: Connection timed out after 30000 milliseconds
2026-01-17 07:01:37 - M-Pesa Error: CURL Timeout getting token (Error #28): Connection timed out after 30001 milliseconds
2026-01-19 00:02:21 - M-Pesa Error: CURL Timeout getting token (Error #28): Connection timed out after 30000 milliseconds
2026-01-19 00:02:21 - M-Pesa Error: Retrying token request after 2 seconds...
2026-01-25 20:19:51 - M-Pesa Error: CURL Timeout getting token (Error #28): Connection timed out after 30002 milliseconds
2026-01-25 20:19:51 - M-Pesa Error: Retrying token request after 2 seconds...
2026-01-30 07:24:10 - M-Pesa Error: B2C Payment CURL Error: Could not resolve host: api.safaricom.co.ke
2026-01-31 14:23:20 - M-Pesa Error: CURL Error getting token (Error #6): Could not resolve host: api.safaricom.co.ke
2026-02-01 20:05:26 - M-Pesa Error: B2C Payment CURL Error: Could not resolve host: api.safaricom.co.ke
2026-02-11 09:01:40 - M-Pesa Error: B2C Payment HTTP Error: Code 500, Response: {"fault":{"faultstring":"Datastore Error","detail":{"errorcode":"Internal Server Error"}}}
2026-02-15 14:00:16 - M-Pesa Error: B2C Payment HTTP Error: Code 500, Response: {"fault":{"faultstring":"Datastore Error","detail":{"errorcode":"Internal Server Error"}}}
